0	1	mikroCdsPIC.exe -MSF -DBG -pP30F6012A -DL -SSA -O11111114 -fo80 -N"C:\Users\ElettroDynamisPRC\Google Drive\REPARTO ELETTRONICA 2017\STEERING WHEEL\FIRMWARE\DP9 AAC\DP9_AAC.mcpds" -SP"C:\Users\Public\Documents\Mikroelektronika\mikroC PRO for dsPIC\defs\" -SP"C:\Users\Public\Documents\Mikroelektronika\mikroC PRO for dsPIC\uses\" -SP"C:\Users\ElettroDynamisPRC\Google Drive\REPARTO ELETTRONICA 2017\STEERING WHEEL\FIRMWARE\DP9 AAC\" -SP"D:\Application Setups\Electronic Software\MikroC for dsPIC\mikroC PRO for dsPIC\defs\" -SP"D:\Application Setups\Electronic Software\MikroC for dsPIC\mikroC PRO for dsPIC\uses\" -SP"D:\Google Drive\Dynamis\REPARTO ELETTRONICA 2017\STEERING WHEEL\FIRMWARE\DP9 AAC\" -SP"C:\Users\Alessandro Dago\Google Drive\REPARTO ELETTRONICA 2017\STEERING WHEEL\FIRMWARE\DP9 AAC\" "DP9_AAC.c" "__Lib_Math.mcl" "__Lib_MathDouble.mcl" "__Lib_System.mcl" "__Lib_Delays.mcl" "__Lib_CType.mcl" "__Lib_CString.mcl" "__Lib_CStdlib.mcl" "__Lib_CMath.mcl" "__Lib_Setjmp.mcl" "__Lib_MemManager.mcl" "__Lib_Conversions.mcl" "__Lib_Sprintf.mcl" "__Lib_PrintOut.mcl" "__Lib_Sprinti.mcl" "__Lib_Sprintl.mcl" "__Lib_Time.mcl" "__Lib_Trigonometry.mcl" "__Lib_Button.mcl" "__Lib_Keypad4x4.mcl" "__Lib_Manchester.mcl" "__Lib_OneWire.mcl" "__Lib_PS2.mcl" "__Lib_Sound.mcl" "__Lib_SoftI2C.mcl" "__Lib_SoftSPI.mcl" "__Lib_SoftUART.mcl" "__Lib_ADC_1_p24FJ_p30.mcl" "__Lib_EEPROM_p30.mcl" "__Lib_FLASH_p30.mcl" "__Lib_I2C_1_p30.mcl" "__Lib_PWM_1.mcl" "__Lib_SPI_12.mcl" "__Lib_UART_12_p30.mcl" "__Lib_CAN_12.mcl" "__Lib_PortExpander.mcl" "__Lib_CANSPI.mcl" "__Lib_CF.mcl" "__Lib_CFFat16.mcl" "__Lib_GlcdFonts.mcl" "__Lib_Glcd.mcl" "__Lib_LcdConsts.mcl" "__Lib_Lcd.mcl" "__Lib_Mmc.mcl" "__Lib_MmcFat16.mcl" "__Lib_MmcFat16Constants.mcl" "__Lib_RS485.mcl" "__Lib_S1D13700.mcl" "__Lib_T6963C.mcl" "__Lib_SPIGlcd.mcl" "__Lib_SPILcd.mcl" "__Lib_SPILcd8.mcl" "__Lib_SPIT6963C.mcl" "__Lib_EthEnc28j60.mcl" "__Lib_EthEnc24j600.mcl" "__Lib_TFT.mcl" "__Lib_TFT_Defs.mcl" "__Lib_TouchPanel_TFT.mcl" "__Lib_TouchPanel.mcl" "__Lib_BitReverseComplex.mcl" "__Lib_FFT.mcl" "__Lib_FirRadix.mcl" "__Lib_IirRadix.mcl" "__Lib_Matrices.mcl" "__Lib_TwiddleFactors.mcl" "__Lib_Q15.mcl" "__Lib_Vectors.mcl"	 
warning: 0	1501	Specified search path does not exist: 'D:\Application Setups\Electronic Software\MikroC for dsPIC\mikroC PRO for dsPIC\defs'	 
warning: 0	1501	Specified search path does not exist: 'D:\Application Setups\Electronic Software\MikroC for dsPIC\mikroC PRO for dsPIC\uses'	 
warning: 0	1501	Specified search path does not exist: 'D:\Google Drive\Dynamis\REPARTO ELETTRONICA 2017\STEERING WHEEL\FIRMWARE\DP9 AAC'	 
warning: 0	1501	Specified search path does not exist: 'C:\Users\Alessandro Dago\Google Drive\REPARTO ELETTRONICA 2017\STEERING WHEEL\FIRMWARE\DP9 AAC'	 
diagnostics: 0	121	Loading...	 
hint: 48	1354	 warning: "/*" within comment     //*/  e INTERRUPT_PROTECT(x) { int save_sr; SET_AND_SAVE_CPU_IPL(save_sr, 7);x; RESTORE_CPU_IPL(save_sr); } (void) 0;  T = DISI_save; } (void) 0;   void emptyString(char* myString);    from c:/users/elettrodynamisprc/google drive/reparto elettronica 2017/steering wheel/firmware/dp9 aac/modules/display/../display/../../libs/can.c: 5:    #include "can.h"     from c:/users/elettrodynamisprc/google drive/reparto elettronica 2017/steering wheel/firmware/dp9 aac/modules/display/../display/../d_can.h: 8:    #include "../libs/can.c"     from c:/users/elettrodynamisprc/google drive/reparto elettronica 2017/steering wheel/firmware/dp9 aac/modules/display/../display/../d_ebb.h: 9:    #include "d_can.h"     from c:/users/elettrodynamisprc/google drive/reparto elettronica 2017/steering wheel/firmware/dp9 aac/modules/display/../display/dd_dashboard.h: 14:    #include "../d_ebb.h"     from c:/users/elettrodynamisprc/google drive/reparto elettronica 2017/steering wheel/firmware/dp9 aac/modules/display/../dd_graphic_controller.h: 124:    #include "display/dd_dashboard.h"     from c:/users/elettrodynamisprc/google drive/reparto elettronica 2017/steering wheel/firmware/dp9 aac/modules/display/dd_menu.h: 9:    #include "../dd_graphic_controller.h"     from c:/users/elettrodynamisprc/google drive/reparto elettronica 2017/steering wheel/firmware/dp9 aac/modules/display/dd_menu.c: 6:    #include "dd_menu.h"     from C:/Users/ElettroDynamisPRC/Google Drive/REPARTO ELETTRONICA 2017/STEERING WHEEL/FIRMWARE/DP9 AAC/DP9_AAC.c: 34:    #include "modules/display/dd_menu.c"	c:\users\elettrodynamisprc\google drive\reparto elettronica 2017\steering wheel\firmware\dp9 aac\modules\display\..\display\..\..\libs\can.h
hint: 56	1354	 warning: "/*" within comment	c:\users\elettrodynamisprc\google drive\reparto elettronica 2017\steering wheel\firmware\dp9 aac\modules\display\..\display\..\..\libs\can.c
hint: 16	1354	 warning: "/*" within comment	c:\users\elettrodynamisprc\google drive\reparto elettronica 2017\steering wheel\firmware\dp9 aac\modules\display\..\display\..\..\libs\can.c
hint: 49	1354	 warning: "/*" within comment     //*/  e IMU_COMMAND_ID	c:\users\elettrodynamisprc\google drive\reparto elettronica 2017\steering wheel\firmware\dp9 aac\modules\display\..\display\..\d_can.h
hint: 49	1354	 warning: "/*" within comment     //*/  e IMU_COMMAND_ID	c:\users\elettrodynamisprc\google drive\reparto elettronica 2017\steering wheel\firmware\dp9 aac\modules\input-output\..\d_can.h
hint: 49	1354	 warning: "/*" within comment     //*/  e IMU_COMMAND_ID	c:\users\elettrodynamisprc\google drive\reparto elettronica 2017\steering wheel\firmware\dp9 aac\modules\input-output\..\..\modules\d_can.h
hint: 49	1354	 warning: "/*" within comment     //*/  e IMU_COMMAND_ID	c:\users\elettrodynamisprc\google drive\reparto elettronica 2017\steering wheel\firmware\dp9 aac\modules\input-output\..\d_can.h
hint: 49	1354	 warning: "/*" within comment     //*/  e IMU_COMMAND_ID	c:\users\elettrodynamisprc\google drive\reparto elettronica 2017\steering wheel\firmware\dp9 aac\modules\input-output\..\d_can.h
hint: 49	1354	 warning: "/*" within comment     //*/  e IMU_COMMAND_ID	c:\users\elettrodynamisprc\google drive\reparto elettronica 2017\steering wheel\firmware\dp9 aac\modules\input-output\..\d_can.h
hint: 60	1354	 warning: "/*" within comment     //*/  Acc_decreaseRampTime(void);  _DEFAULT;     from c:/users/elettrodynamisprc/google drive/reparto elettronica 2017/steering wheel/firmware/dp9 aac/modules/input-output/d_buttons.h: 14:    #include "../d_acceleration.h"     from c:/users/elettrodynamisprc/google drive/reparto elettronica 2017/steering wheel/firmware/dp9 aac/modules/input-output/d_buttons.c: 5:    #include "d_buttons.h"     from C:/Users/ElettroDynamisPRC/Google Drive/REPARTO ELETTRONICA 2017/STEERING WHEEL/FIRMWARE/DP9 AAC/DP9_AAC.c: 43:    #include "modules/input-output/d_buttons.c"	c:\users\elettrodynamisprc\google drive\reparto elettronica 2017\steering wheel\firmware\dp9 aac\modules\input-output\..\d_acceleration.h
hint: 76	1354	 warning: "/*" within comment     //*/  Acc_tick(void);  igned char clutchValue);  har end, unsigned int time);  H_H   value);     from c:/users/elettrodynamisprc/google drive/reparto elettronica 2017/steering wheel/firmware/dp9 aac/modules/input-output/d_buttons.h: 14:    #include "../d_acceleration.h"     from c:/users/elettrodynamisprc/google drive/reparto elettronica 2017/steering wheel/firmware/dp9 aac/modules/input-output/d_buttons.c: 5:    #include "d_buttons.h"     from C:/Users/ElettroDynamisPRC/Google Drive/REPARTO ELETTRONICA 2017/STEERING WHEEL/FIRMWARE/DP9 AAC/DP9_AAC.c: 43:    #include "modules/input-output/d_buttons.c"	c:\users\elettrodynamisprc\google drive\reparto elettronica 2017\steering wheel\firmware\dp9 aac\modules\input-output\..\d_acceleration.h
hint: 12	1354	 warning: "/*" within comment	c:\users\elettrodynamisprc\google drive\reparto elettronica 2017\steering wheel\firmware\dp9 aac\modules\input-output\d_buttons.c
hint: 14	1354	 warning: "/*" within comment	c:\users\elettrodynamisprc\google drive\reparto elettronica 2017\steering wheel\firmware\dp9 aac\modules\input-output\d_buttons.c
hint: 18	1354	 warning: "/*" within comment	c:\users\elettrodynamisprc\google drive\reparto elettronica 2017\steering wheel\firmware\dp9 aac\modules\input-output\buzzer.c
hint: 60	1354	 warning: "/*" within comment     //*/  Acc_decreaseRampTime(void);  _DEFAULT;     from c:/users/elettrodynamisprc/google drive/reparto elettronica 2017/steering wheel/firmware/dp9 aac/modules/d_acceleration.c: 5:    #include "d_acceleration.h"     from C:/Users/ElettroDynamisPRC/Google Drive/REPARTO ELETTRONICA 2017/STEERING WHEEL/FIRMWARE/DP9 AAC/DP9_AAC.c: 54:    #include "modules/d_acceleration.c"	c:\users\elettrodynamisprc\google drive\reparto elettronica 2017\steering wheel\firmware\dp9 aac\modules\d_acceleration.h
hint: 76	1354	 warning: "/*" within comment     //*/  Acc_tick(void);  igned char clutchValue);  har end, unsigned int time);  BOARD_H     from c:/users/elettrodynamisprc/google drive/reparto elettronica 2017/steering wheel/firmware/dp9 aac/modules/d_acceleration.c: 5:    #include "d_acceleration.h"     from C:/Users/ElettroDynamisPRC/Google Drive/REPARTO ELETTRONICA 2017/STEERING WHEEL/FIRMWARE/DP9 AAC/DP9_AAC.c: 54:    #include "modules/d_acceleration.c"	c:\users\elettrodynamisprc\google drive\reparto elettronica 2017\steering wheel\firmware\dp9 aac\modules\d_acceleration.h
hint: 14	1354	 warning: "/*" within comment     //*/  _Indicator_setIntValue(TRIM2, dAcc_trim2);  me);  PLAY_CONTROLLER_D_ACCELERATION_H har end, unsigned int time);  BOARD_H     from C:/Users/ElettroDynamisPRC/Google Drive/REPARTO ELETTRONICA 2017/STEERING WHEEL/FIRMWARE/DP9 AAC/DP9_AAC.c: 54:    #include "modules/d_acceleration.c"	c:\users\elettrodynamisprc\google drive\reparto elettronica 2017\steering wheel\firmware\dp9 aac\modules\d_acceleration.c
hint: 69	1354	 warning: "/*" within comment     //*/  _Indicator_setIntValue(ACC_TIME, dAcc_rampTime);  PLAY_CONTROLLER_D_ACCELERATION_H har end, unsigned int time);  BOARD_H     from C:/Users/ElettroDynamisPRC/Google Drive/REPARTO ELETTRONICA 2017/STEERING WHEEL/FIRMWARE/DP9 AAC/DP9_AAC.c: 54:    #include "modules/d_acceleration.c"	c:\users\elettrodynamisprc\google drive\reparto elettronica 2017\steering wheel\firmware\dp9 aac\modules\d_acceleration.c
hint: 79	1354	 warning: "/*" within comment     //*/  n_writeInt(SW_RIO_GEAR_BRK_STEER_ID, RPM_LIMITER_ON);  ESSAGE);  _D_ACCELERATION_H har end, unsigned int time);  BOARD_H     from C:/Users/ElettroDynamisPRC/Google Drive/REPARTO ELETTRONICA 2017/STEERING WHEEL/FIRMWARE/DP9 AAC/DP9_AAC.c: 54:    #include "modules/d_acceleration.c"	c:\users\elettrodynamisprc\google drive\reparto elettronica 2017\steering wheel\firmware\dp9 aac\modules\d_acceleration.c
hint: 12	1354	 warning: "/*" within comment     //*/  cc_ramping = TRUE;   end;  rt - end) / (double) dAcc_steps;  int time) {  RATION_H har end, unsigned int time);  BOARD_H     from C:/Users/ElettroDynamisPRC/Google Drive/REPARTO ELETTRONICA 2017/STEERING WHEEL/FIRMWARE/DP9 AAC/DP9_AAC.c: 54:    #include "modules/d_acceleration.c"	c:\users\elettrodynamisprc\google drive\reparto elettronica 2017\steering wheel\firmware\dp9 aac\modules\d_acceleration.c
hint: 13	1354	 warning: "/*" within comment     //*/    dAcc_currentClutchValue = clutchValue;    le) dAcc_steps;  int time) {  RATION_H har end, unsigned int time);  BOARD_H     from C:/Users/ElettroDynamisPRC/Google Drive/REPARTO ELETTRONICA 2017/STEERING WHEEL/FIRMWARE/DP9 AAC/DP9_AAC.c: 54:    #include "modules/d_acceleration.c"	c:\users\elettrodynamisprc\google drive\reparto elettronica 2017\steering wheel\firmware\dp9 aac\modules\d_acceleration.c
hint: 15	1354	 warning: "/*" within comment     //*/    dAcc_setClutch(dAcc_currentClutchValue);   RPM_LIMITER_OFF);  eps));    RATION_H har end, unsigned int time);  BOARD_H     from C:/Users/ElettroDynamisPRC/Google Drive/REPARTO ELETTRONICA 2017/STEERING WHEEL/FIRMWARE/DP9 AAC/DP9_AAC.c: 54:    #include "modules/d_acceleration.c"	c:\users\elettrodynamisprc\google drive\reparto elettronica 2017\steering wheel\firmware\dp9 aac\modules\d_acceleration.c
hint: 49	1354	 warning: "/*" within comment     //*/  e IMU_COMMAND_ID	c:\users\elettrodynamisprc\google drive\reparto elettronica 2017\steering wheel\firmware\dp9 aac\modules\d_can.h
diagnostics: 0	122	Compilation Started	DP9_AAC.c
hint: 8	1163	Variable 'currentValue' has been declared, but not used	eeprom.c
hint: 148	1163	Variable 'yy' has been declared, but not used	eglcd.c
warning: 11	1505	Suspicious pointer conversion	dd_indicators.c
warning: 143	1505	Suspicious pointer conversion	dd_dashboard.c
warning: 145	1505	Suspicious pointer conversion	dd_dashboard.c
warning: 147	1505	Suspicious pointer conversion	dd_dashboard.c
warning: 150	1505	Suspicious pointer conversion	dd_dashboard.c
warning: 152	1505	Suspicious pointer conversion	dd_dashboard.c
hint: 211	1163	Variable 'x' has been declared, but not used	dd_interfaces.c
hint: 211	1163	Variable 'y' has been declared, but not used	dd_interfaces.c
hint: 0	1004	interrupt handler (external0 at 0x0014)	buttons.c
hint: 0	1004	interrupt handler (external1 at 0x0034)	buttons.c
hint: 0	1004	interrupt handler (external2 at 0x0042)	buttons.c
hint: 0	1004	interrupt handler (external4 at 0x005E)	buttons.c
hint: 0	1004	interrupt handler (timer4_interrupt at 0x003E)	buzzer.c
hint: 11	1163	Variable 'msg' has been declared, but not used	d_hardreset.c
hint: 12	1163	Variable 'id' has been declared, but not used	d_hardreset.c
hint: 13	1163	Variable 'temp' has been declared, but not used	d_hardreset.c
hint: 19	1163	Variable 'msg' has been declared, but not used	d_hardreset.c
hint: 9	1163	Variable 'indicatorsIndex' has been declared, but not used	d_warnings.c
warning: 78	1505	Suspicious pointer conversion	d_warnings.c
hint: 91	1163	Variable 'msg' has been declared, but not used	DP9_AAC.c
hint: 0	1004	interrupt handler (timer1_interrupt at 0x001A)	DP9_AAC.c
hint: 0	1004	interrupt handler (timer2_interrupt at 0x0020)	DP9_AAC.c
hint: 0	1004	interrupt handler (CAN_Interrupt at 0x004A)	DP9_AAC.c
diagnostics: 275	123	Compiled Successfully	DP9_AAC.c
warning: 112	1519	Logical expression is always: 'False'	DP9_AAC.c
warning: 177	1512	variable 'id' might not have been initialized	DP9_AAC.c
hint: 228	1164	Variable 'CurCharDt' has been eliminated by optimizer	DP9_AAC.c
hint: 38	1164	Variable 'note' has been eliminated by optimizer	DP9_AAC.c
hint: 38	1164	Variable 'duration' has been eliminated by optimizer	DP9_AAC.c
hint: 39	1164	Variable 'Can_Init_flags' has been eliminated by optimizer	DP9_AAC.c
hint: 108	1164	Variable 'sent' has been eliminated by optimizer	DP9_AAC.c
hint: 108	1164	Variable 'j' has been eliminated by optimizer	DP9_AAC.c
hint: 138	1164	Variable 'x' has been eliminated by optimizer	DP9_AAC.c
hint: 138	1164	Variable 'y' has been eliminated by optimizer	DP9_AAC.c
hint: 11	1164	Variable 'x' has been eliminated by optimizer	DP9_AAC.c
hint: 11	1164	Variable 'y' has been eliminated by optimizer	DP9_AAC.c
hint: 59	1164	Variable 'currentColor' has been eliminated by optimizer	DP9_AAC.c
diagnostics: 0	127	All files Compiled in 17250 ms	 
hint: 0	1144	Used RX (bytes): 32 (100%)   Free RX (bytes): 0 (0%)	Used RX (bytes): 32 (100%)   Free RX (bytes): 0 (0%)
hint: 0	1144	Static RAM (bytes): 2009   Dynamic RAM (bytes): 3696	Static RAM (bytes): 2009   Dynamic RAM (bytes): 3696
hint: 0	1144	Used ROM (bytes): 36273 (37%)  Free ROM (bytes): 62031 (63%)	Used ROM (bytes): 36273 (37%)  Free ROM (bytes): 62031 (63%)
diagnostics: 0	125	Project Linked Successfully	DP9_AAC.mcpds
diagnostics: 0	128	Linked in 4141 ms	 
diagnostics: 0	129	Project 'DP9_AAC.mcpds' completed: 22547 ms	 
diagnostics: 0	103	Finished successfully: 17 lug 2017, 02:06:22	DP9_AAC.mcpds
